Info: Nothing to build for Banking System
Info: Nothing to build for Banking System
14:21:13 **** Incremental Build of configuration Debug for project Banking System ****
Info: Internal Builder is used for build
g++ -O0 -g3 -Wall -c -fmessage-length=0 -o "src\\account.o" "..\\src\\account.cpp" 
g++ -O0 -g3 -Wall -c -fmessage-length=0 -o "src\\main.o" "..\\src\\main.cpp" 
g++ -O0 -g3 -Wall -c -fmessage-length=0 -o "src\\bank.o" "..\\src\\bank.cpp" 
g++ -o "Banking System.exe" "src\\account.o" "src\\bank.o" "src\\main.o" 
14:51:05 **** Incremental Build of configuration Debug for project Banking System ****
Info: Internal Builder is used for build
g++ -O0 -g3 -Wall -c -fmessage-length=0 -o "src\\main.o" "..\\src\\main.cpp" 
g++ -o "Banking System.exe" "src\\account.o" "src\\bank.o" "src\\main.o" 
14:51:49 **** Incremental Build of configuration Debug for project Banking System ****
Info: Internal Builder is used for build
g++ -O0 -g3 -Wall -c -fmessage-length=0 -o "src\\main.o" "..\\src\\main.cpp" 
g++ -o "Banking System.exe" "src\\account.o" "src\\bank.o" "src\\main.o" 
14:52:03 **** Incremental Build of configuration Debug for project Banking System ****
Info: Internal Builder is used for build
g++ -O0 -g3 -Wall -c -fmessage-length=0 -o "src\\main.o" "..\\src\\main.cpp" 
g++ -o "Banking System.exe" "src\\account.o" "src\\bank.o" "src\\main.o" 
Info: Nothing to build for Banking System
Info: Nothing to build for Banking System
Info: Nothing to build for Banking System
Info: Nothing to build for Banking System
Info: Nothing to build for Banking System
Info: Nothing to build for Banking System
